\BOOKMARK [0][]{chapter.1}{\376\377\0001\000\040\162\171\153\212\122\006\136\003}{}% 1
\BOOKMARK [1][]{section.1.1}{\376\377\0001\000.\0001\000\040\154\312\147\176\122\006\136\003}{chapter.1}% 2
\BOOKMARK [1][]{section.1.2}{\376\377\0001\000.\0002\000\040\153\143\140\001\122\006\136\003}{chapter.1}% 3
\BOOKMARK [1][]{section.1.3}{\376\377\0001\000.\0003\000\040\000G\000a\000m\000m\000a\122\006\136\003}{chapter.1}% 4
\BOOKMARK [1][]{section.1.4}{\376\377\0001\000.\0004\000\040\143\007\145\160\122\006\136\003}{chapter.1}% 5
\BOOKMARK [1][]{section.1.5}{\376\377\0001\000.\0005\000\040\000B\000e\000t\000a\122\006\136\003}{chapter.1}% 6
\BOOKMARK [0][]{chapter.2}{\376\377\0002\000\040\131\047\150\067\147\054\142\275\150\067}{}% 7
\BOOKMARK [1][]{section.2.1}{\376\377\0002\000.\0001\000\040\131\047\145\160\133\232\137\213}{chapter.2}% 8
\BOOKMARK [1][]{section.2.2}{\376\377\0002\000.\0002\000\040\116\055\137\303\147\201\226\120\133\232\164\006}{chapter.2}% 9
\BOOKMARK [0][]{chapter.3}{\376\377\0003\000\040\117\060\213\241}{}% 10
\BOOKMARK [1][]{section.3.1}{\376\377\0003\000.\0001\000\040\000s\000t\000a\000t\000i\000s\000t\000i\000c\000a\000l\000\040\000i\000n\000f\000e\000r\000e\000n\000c\000e}{chapter.3}% 11
\BOOKMARK [0][]{chapter.4}{\376\377\0004\000\040\142\275\150\067\122\006\136\003}{}% 12
\BOOKMARK [1][]{section.4.1}{\376\377\0004\000.\0001\000\040\0002\122\006\136\003}{chapter.4}% 13
\BOOKMARK [1][]{section.4.2}{\376\377\0004\000.\0002\000\040\000t\000\040\000D\000i\000s\000t\000r\000i\000b\000u\000t\000i\000o\000n\000s}{chapter.4}% 14
\BOOKMARK [1][]{section.4.3}{\376\377\0004\000.\0003\000\040\177\156\117\341\123\072\225\364}{chapter.4}% 15
\BOOKMARK [0][]{chapter.5}{\376\377\0005\000\040\120\107\213\276\150\300\232\214}{}% 16
\BOOKMARK [1][]{section.5.1}{\376\377\0005\000.\0001\000\040\000P\000r\000o\000b\000l\000e\000m\000s\000\040\000o\000f\000\040\000T\000e\000s\000t\000i\000n\000g\000\040\000H\000y\000p\000o\000t\000h\000e\000s\000e\000s\000\040\120\107\213\276\150\300\232\214\225\356\230\230}{chapter.5}% 17
\BOOKMARK [0][]{chapter.6}{\376\377\0006\000\040\176\277\140\047\176\337\213\241\152\041\127\213}{}% 18
\BOOKMARK [1][]{section.6.1}{\376\377\0006\000.\0001\000\040\147\000\134\017\116\214\116\130\154\325}{chapter.6}% 19
\BOOKMARK [0][]{chapter.7}{\376\377\0007\000\040\126\336\137\122}{}% 20
